<?xml version="1.0" encoding="UTF-8"?>
<testsuite name="PermissionManagerTest" tests="1" skipped="0" failures="0" errors="0" timestamp="2021-10-14T08:17:53" hostname="DESKTOP-C5JRIO3" time="0.012">
  <properties/>
  <testcase name="Tests()" classname="PermissionManagerTest" time="0.012"/>
  <system-out><![CDATA[]]></system-out>
  <system-err><![CDATA[]]></system-err>
</testsuite>
